0 info it worked if it ends with ok
1 verbose cli [ 'E:\\nodejs\\\\node.exe',
1 verbose cli   'E:\\nodejs\\node_modules\\npm\\bin\\npm-cli.js',
1 verbose cli   'install',
1 verbose cli   '--save-dev',
1 verbose cli   'grunt-contrib-watch',
1 verbose cli   'connect-liveload' ]
2 info using npm@1.4.28
3 info using node@v0.10.33
4 verbose node symlink E:\nodejs\\node.exe
5 warn package.json mixun@1.0.0 No repository field.
6 warn package.json mixun@1.0.0 No README data
7 verbose readDependencies using package.json deps
8 verbose cache add [ 'grunt-contrib-watch', null ]
9 verbose cache add name=undefined spec="grunt-contrib-watch" args=["grunt-contrib-watch",null]
10 verbose parsed url { protocol: null,
10 verbose parsed url   slashes: null,
10 verbose parsed url   auth: null,
10 verbose parsed url   host: null,
10 verbose parsed url   port: null,
10 verbose parsed url   hostname: null,
10 verbose parsed url   hash: null,
10 verbose parsed url   search: null,
10 verbose parsed url   query: null,
10 verbose parsed url   pathname: 'grunt-contrib-watch',
10 verbose parsed url   path: 'grunt-contrib-watch',
10 verbose parsed url   href: 'grunt-contrib-watch' }
11 verbose cache add [ 'connect-liveload', null ]
12 verbose cache add name=undefined spec="connect-liveload" args=["connect-liveload",null]
13 verbose parsed url { protocol: null,
13 verbose parsed url   slashes: null,
13 verbose parsed url   auth: null,
13 verbose parsed url   host: null,
13 verbose parsed url   port: null,
13 verbose parsed url   hostname: null,
13 verbose parsed url   hash: null,
13 verbose parsed url   search: null,
13 verbose parsed url   query: null,
13 verbose parsed url   pathname: 'connect-liveload',
13 verbose parsed url   path: 'connect-liveload',
13 verbose parsed url   href: 'connect-liveload' }
14 silly lockFile 7f2b8bdb-grunt-contrib-watch grunt-contrib-watch
15 verbose lock grunt-contrib-watch C:\Users\jingzhi\AppData\Roaming\npm-cache\7f2b8bdb-grunt-contrib-watch.lock
16 silly lockFile 16b203b4-connect-liveload connect-liveload
17 verbose lock connect-liveload C:\Users\jingzhi\AppData\Roaming\npm-cache\16b203b4-connect-liveload.lock
18 silly lockFile 7f2b8bdb-grunt-contrib-watch grunt-contrib-watch
19 silly lockFile 7f2b8bdb-grunt-contrib-watch grunt-contrib-watch
20 silly lockFile 16b203b4-connect-liveload connect-liveload
21 silly lockFile 16b203b4-connect-liveload connect-liveload
22 verbose addNamed [ 'grunt-contrib-watch', '' ]
23 verbose addNamed [ null, '*' ]
24 silly lockFile b64937f1-grunt-contrib-watch grunt-contrib-watch@
25 verbose lock grunt-contrib-watch@ C:\Users\jingzhi\AppData\Roaming\npm-cache\b64937f1-grunt-contrib-watch.lock
26 verbose addNamed [ 'connect-liveload', '' ]
27 verbose addNamed [ null, '*' ]
28 silly lockFile c525ed9c-connect-liveload connect-liveload@
29 verbose lock connect-liveload@ C:\Users\jingzhi\AppData\Roaming\npm-cache\c525ed9c-connect-liveload.lock
30 silly addNameRange { name: 'grunt-contrib-watch', range: '*', hasData: false }
31 silly addNameRange { name: 'connect-liveload', range: '*', hasData: false }
32 verbose request where is /connect-liveload
33 verbose request registry https://registry.npmjs.org/
34 verbose request id b52328d2a3af6a48
35 verbose url raw /connect-liveload
36 verbose url resolving [ 'https://registry.npmjs.org/', './connect-liveload' ]
37 verbose url resolved https://registry.npmjs.org/connect-liveload
38 verbose request where is https://registry.npmjs.org/connect-liveload
39 info trying registry request attempt 1 at 10:32:50
40 http GET https://registry.npmjs.org/connect-liveload
41 verbose request where is /grunt-contrib-watch
42 verbose request registry https://registry.npmjs.org/
43 verbose url raw /grunt-contrib-watch
44 verbose url resolving [ 'https://registry.npmjs.org/', './grunt-contrib-watch' ]
45 verbose url resolved https://registry.npmjs.org/grunt-contrib-watch
46 verbose request where is https://registry.npmjs.org/grunt-contrib-watch
47 info trying registry request attempt 1 at 10:32:51
48 verbose etag "1K2NM4G9QWVB0K3XRG8FC18BU"
49 http GET https://registry.npmjs.org/grunt-contrib-watch
50 http 200 https://registry.npmjs.org/grunt-contrib-watch
51 silly registry.get cb [ 200,
51 silly registry.get   { date: 'Mon, 08 Dec 2014 02:32:44 GMT',
51 silly registry.get     server: 'CouchDB/1.5.0 (Erlang OTP/R16B03)',
51 silly registry.get     etag: '"EYOOWCCILBOSCHCELD9ETYLQ3"',
51 silly registry.get     'content-type': 'application/json',
51 silly registry.get     'cache-control': 'max-age=60',
51 silly registry.get     'content-length': '59924',
51 silly registry.get     'accept-ranges': 'bytes',
51 silly registry.get     via: '1.1 varnish',
51 silly registry.get     age: '25',
51 silly registry.get     'x-served-by': 'cache-ty66-TYO',
51 silly registry.get     'x-cache': 'HIT',
51 silly registry.get     'x-cache-hits': '10',
51 silly registry.get     'x-timer': 'S1418005964.114339,VS0,VE0',
51 silly registry.get     vary: 'Accept',
51 silly registry.get     'keep-alive': 'timeout=10, max=50',
51 silly registry.get     connection: 'Keep-Alive' } ]
52 silly addNameRange number 2 { name: 'grunt-contrib-watch', range: '*', hasData: true }
53 silly addNameRange versions [ 'grunt-contrib-watch',
53 silly addNameRange   [ '0.1.0',
53 silly addNameRange     '0.1.1',
53 silly addNameRange     '0.1.2',
53 silly addNameRange     '0.1.3',
53 silly addNameRange     '0.1.4',
53 silly addNameRange     '0.2.0',
53 silly addNameRange     '0.3.0',
53 silly addNameRange     '0.3.1',
53 silly addNameRange     '0.4.0',
53 silly addNameRange     '0.4.1',
53 silly addNameRange     '0.4.2',
53 silly addNameRange     '0.4.3',
53 silly addNameRange     '0.4.4',
53 silly addNameRange     '0.5.0',
53 silly addNameRange     '0.5.1',
53 silly addNameRange     '0.5.2',
53 silly addNameRange     '0.5.3',
53 silly addNameRange     '0.6.0',
53 silly addNameRange     '0.6.1',
53 silly addNameRange     '0.2.0-a',
53 silly addNameRange     '0.2.0-rc5',
53 silly addNameRange     '0.2.0-rc7' ] ]
54 verbose addNamed [ 'grunt-contrib-watch', '0.6.1' ]
55 verbose addNamed [ '0.6.1', '0.6.1' ]
56 silly lockFile 08049756-grunt-contrib-watch-0-6-1 grunt-contrib-watch@0.6.1
57 verbose lock grunt-contrib-watch@0.6.1 C:\Users\jingzhi\AppData\Roaming\npm-cache\08049756-grunt-contrib-watch-0-6-1.lock
58 silly lockFile 08049756-grunt-contrib-watch-0-6-1 grunt-contrib-watch@0.6.1
59 silly lockFile 08049756-grunt-contrib-watch-0-6-1 grunt-contrib-watch@0.6.1
60 silly lockFile b64937f1-grunt-contrib-watch grunt-contrib-watch@
61 silly lockFile b64937f1-grunt-contrib-watch grunt-contrib-watch@
62 http 404 https://registry.npmjs.org/connect-liveload
63 verbose headers { date: 'Mon, 08 Dec 2014 02:32:44 GMT',
63 verbose headers   server: 'CouchDB/1.5.0 (Erlang OTP/R16B03)',
63 verbose headers   'content-type': 'application/json',
63 verbose headers   'cache-control': 'max-age=0',
63 verbose headers   'content-length': '52',
63 verbose headers   'accept-ranges': 'bytes',
63 verbose headers   via: '1.1 varnish',
63 verbose headers   age: '0',
63 verbose headers   'x-served-by': 'cache-ty68-TYO',
63 verbose headers   'x-cache': 'MISS',
63 verbose headers   'x-cache-hits': '0',
63 verbose headers   'x-timer': 'S1418005964.236919,VS0,VE522',
63 verbose headers   'keep-alive': 'timeout=10, max=50',
63 verbose headers   connection: 'Keep-Alive' }
64 silly registry.get cb [ 404,
64 silly registry.get   { date: 'Mon, 08 Dec 2014 02:32:44 GMT',
64 silly registry.get     server: 'CouchDB/1.5.0 (Erlang OTP/R16B03)',
64 silly registry.get     'content-type': 'application/json',
64 silly registry.get     'cache-control': 'max-age=0',
64 silly registry.get     'content-length': '52',
64 silly registry.get     'accept-ranges': 'bytes',
64 silly registry.get     via: '1.1 varnish',
64 silly registry.get     age: '0',
64 silly registry.get     'x-served-by': 'cache-ty68-TYO',
64 silly registry.get     'x-cache': 'MISS',
64 silly registry.get     'x-cache-hits': '0',
64 silly registry.get     'x-timer': 'S1418005964.236919,VS0,VE522',
64 silly registry.get     'keep-alive': 'timeout=10, max=50',
64 silly registry.get     connection: 'Keep-Alive' } ]
65 silly lockFile c525ed9c-connect-liveload connect-liveload@
66 silly lockFile c525ed9c-connect-liveload connect-liveload@
67 error 404 404 Not Found: connect-liveload
67 error 404
67 error 404 'connect-liveload' is not in the npm registry.
67 error 404 You should bug the author to publish it
67 error 404 It was specified as a dependency of 'mixun'
67 error 404
67 error 404 Note that you can also install from a
67 error 404 tarball, folder, or http url, or git url.
68 error System Windows_NT 6.2.9200
69 error command "E:\\nodejs\\\\node.exe" "E:\\nodejs\\node_modules\\npm\\bin\\npm-cli.js" "install" "--save-dev" "grunt-contrib-watch" "connect-liveload"
70 error cwd E:\wamp\www\mixun
71 error node -v v0.10.33
72 error npm -v 1.4.28
73 error code E404
74 verbose exit [ 1, true ]
